# JRE version: OpenJDK Runtime Environment (8.0_242-b01) (build 1.8.0_242-release-1644-b01)
# Java VM: OpenJDK 64-Bit Server VM (25.242-b01 mixed mode windows-amd64 compressed oops)
Heap:
 PSYoungGen      total 201728K, used 17368K [0x00000000d5580000, 0x00000000e3580000, 0x0000000100000000)
  eden space 174080K, 1% used [0x00000000d5580000,0x00000000d58d1f08,0x00000000dff80000)
  from space 27648K, 50% used [0x00000000dff80000,0x00000000e0d24440,0x00000000e1a80000)
  to   space 27648K, 0% used [0x00000000e1a80000,0x00000000e1a80000,0x00000000e3580000)
 ParOldGen       total 125952K, used 55543K [0x0000000080000000, 0x0000000087b00000, 0x00000000d5580000)
  object space 125952K, 44% used [0x0000000080000000,0x000000008363dc68,0x0000000087b00000)
 Metaspace       used 74585K, capacity 77950K, committed 78296K, reserved 1116160K
  class space    used 9982K, capacity 10625K, committed 10752K, reserved 1048576K
GC Heap History (10 events):
Event: 69.129 GC heap before
{Heap before GC invocations=23 (full 3):
 PSYoungGen      total 158720K, used 157236K [0x00000000d5580000, 0x00000000e0c00000, 0x0000000100000000)
  eden space 142848K, 99% used [0x00000000d5580000,0x00000000de09b6f8,0x00000000de100000)
  from space 15872K, 93% used [0x00000000de100000,0x00000000def71a48,0x00000000df080000)
  to   space 17920K, 0% used [0x00000000dfa80000,0x00000000dfa80000,0x00000000e0c00000)
 ParOldGen       total 91136K, used 41329K [0x0000000080000000, 0x0000000085900000, 0x00000000d5580000)
  object space 91136K, 45% used [0x0000000080000000,0x000000008285c790,0x0000000085900000)
 Metaspace       used 67133K, capacity 70400K, committed 70744K, reserved 1110016K
  class space    used 9147K, capacity 9752K, committed 9856K, reserved 1048576K
Event: 70.075 GC heap after
Heap after GC invocations=23 (full 3):
 PSYoungGen      total 158720K, used 17916K [0x00000000d5580000, 0x00000000e3780000, 0x0000000100000000)
  eden space 140800K, 0% used [0x00000000d5580000,0x00000000d5580000,0x00000000ddf00000)
  from space 17920K, 99% used [0x00000000dfa80000,0x00000000e0bff140,0x00000000e0c00000)
  to   space 28160K, 0% used [0x00000000ddf00000,0x00000000ddf00000,0x00000000dfa80000)
 ParOldGen       total 91136K, used 61593K [0x0000000080000000, 0x0000000085900000, 0x00000000d5580000)
  object space 91136K, 67% used [0x0000000080000000,0x0000000083c26448,0x0000000085900000)
 Metaspace       used 67133K, capacity 70400K, committed 70744K, reserved 1110016K
  class space    used 9147K, capacity 9752K, committed 9856K, reserved 1048576K
}
Event: 120.260 GC heap before
{Heap before GC invocations=24 (full 3):
 PSYoungGen      total 158720K, used 158710K [0x00000000d5580000, 0x00000000e3780000, 0x0000000100000000)
  eden space 140800K, 99% used [0x00000000d5580000,0x00000000ddefea90,0x00000000ddf00000)
  from space 17920K, 99% used [0x00000000dfa80000,0x00000000e0bff140,0x00000000e0c00000)
  to   space 28160K, 0% used [0x00000000ddf00000,0x00000000ddf00000,0x00000000dfa80000)
 ParOldGen       total 91136K, used 61593K [0x0000000080000000, 0x0000000085900000, 0x00000000d5580000)
  object space 91136K, 67% used [0x0000000080000000,0x0000000083c26448,0x0000000085900000)
 Metaspace       used 70661K, capacity 74050K, committed 74200K, reserved 1114112K
  class space    used 9518K, capacity 10147K, committed 10240K, reserved 1048576K
Event: 123.124 GC heap after
Heap after GC invocations=24 (full 3):
 PSYoungGen      total 168960K, used 17197K [0x00000000d5580000, 0x00000000e3680000, 0x0000000100000000)
  eden space 140800K, 0% used [0x00000000d5580000,0x00000000d5580000,0x00000000ddf00000)
  from space 28160K, 61% used [0x00000000ddf00000,0x00000000defcb458,0x00000000dfa80000)
  to   space 28672K, 0% used [0x00000000e1a80000,0x00000000e1a80000,0x00000000e3680000)
 ParOldGen       total 91136K, used 71906K [0x0000000080000000, 0x0000000085900000, 0x00000000d5580000)
  object space 91136K, 78% used [0x0000000080000000,0x00000000846388e8,0x0000000085900000)
 Metaspace       used 70661K, capacity 74050K, committed 74200K, reserved 1114112K
  class space    used 9518K, capacity 10147K, committed 10240K, reserved 1048576K
}
Event: 140.644 GC heap before
{Heap before GC invocations=25 (full 3):
 PSYoungGen      total 168960K, used 157997K [0x00000000d5580000, 0x00000000e3680000, 0x0000000100000000)
  eden space 140800K, 100% used [0x00000000d5580000,0x00000000ddf00000,0x00000000ddf00000)
  from space 28160K, 61% used [0x00000000ddf00000,0x00000000defcb458,0x00000000dfa80000)
  to   space 28672K, 0% used [0x00000000e1a80000,0x00000000e1a80000,0x00000000e3680000)
 ParOldGen       total 91136K, used 71906K [0x0000000080000000, 0x0000000085900000, 0x00000000d5580000)
  object space 91136K, 78% used [0x0000000080000000,0x00000000846388e8,0x0000000085900000)
 Metaspace       used 73647K, capacity 77012K, committed 77144K, reserved 1116160K
  class space    used 9875K, capacity 10514K, committed 10624K, reserved 1048576K
Event: 141.855 GC heap after
Heap after GC invocations=25 (full 3):
 PSYoungGen      total 201728K, used 7315K [0x00000000d5580000, 0x00000000e3580000, 0x0000000100000000)
  eden space 174080K, 0% used [0x00000000d5580000,0x00000000d5580000,0x00000000dff80000)
  from space 27648K, 26% used [0x00000000e1a80000,0x00000000e21a4c90,0x00000000e3580000)
  to   space 27648K, 0% used [0x00000000dff80000,0x00000000dff80000,0x00000000e1a80000)
 ParOldGen       total 91136K, used 87808K [0x0000000080000000, 0x0000000085900000, 0x00000000d5580000)
  object space 91136K, 96% used [0x0000000080000000,0x00000000855c0320,0x0000000085900000)
 Metaspace       used 73647K, capacity 77012K, committed 77144K, reserved 1116160K
  class space    used 9875K, capacity 10514K, committed 10624K, reserved 1048576K
}
Event: 141.855 GC heap before
{Heap before GC invocations=26 (full 4):
 PSYoungGen      total 201728K, used 7315K [0x00000000d5580000, 0x00000000e3580000, 0x0000000100000000)
  eden space 174080K, 0% used [0x00000000d5580000,0x00000000d5580000,0x00000000dff80000)
  from space 27648K, 26% used [0x00000000e1a80000,0x00000000e21a4c90,0x00000000e3580000)
  to   space 27648K, 0% used [0x00000000dff80000,0x00000000dff80000,0x00000000e1a80000)
 ParOldGen       total 91136K, used 87808K [0x0000000080000000, 0x0000000085900000, 0x00000000d5580000)
  object space 91136K, 96% used [0x0000000080000000,0x00000000855c0320,0x0000000085900000)
 Metaspace       used 73647K, capacity 77012K, committed 77144K, reserved 1116160K
  class space    used 9875K, capacity 10514K, committed 10624K, reserved 1048576K
Event: 147.573 GC heap after
Heap after GC invocations=26 (full 4):
 PSYoungGen      total 201728K, used 0K [0x00000000d5580000, 0x00000000e3580000, 0x0000000100000000)
  eden space 174080K, 0% used [0x00000000d5580000,0x00000000d5580000,0x00000000dff80000)
  from space 27648K, 0% used [0x00000000e1a80000,0x00000000e1a80000,0x00000000e3580000)
  to   space 27648K, 0% used [0x00000000dff80000,0x00000000dff80000,0x00000000e1a80000)
 ParOldGen       total 125952K, used 55535K [0x0000000080000000, 0x0000000087b00000, 0x00000000d5580000)
  object space 125952K, 44% used [0x0000000080000000,0x000000008363bc68,0x0000000087b00000)
 Metaspace       used 73590K, capacity 76844K, committed 77144K, reserved 1116160K
  class space    used 9857K, capacity 10484K, committed 10624K, reserved 1048576K
}
Event: 158.782 GC heap before
{Heap before GC invocations=27 (full 4):
 PSYoungGen      total 201728K, used 174080K [0x00000000d5580000, 0x00000000e3580000, 0x0000000100000000)
  eden space 174080K, 100% used [0x00000000d5580000,0x00000000dff80000,0x00000000dff80000)
  from space 27648K, 0% used [0x00000000e1a80000,0x00000000e1a80000,0x00000000e3580000)
  to   space 27648K, 0% used [0x00000000dff80000,0x00000000dff80000,0x00000000e1a80000)
 ParOldGen       total 125952K, used 55535K [0x0000000080000000, 0x0000000087b00000, 0x00000000d5580000)
  object space 125952K, 44% used [0x0000000080000000,0x000000008363bc68,0x0000000087b00000)
 Metaspace       used 74585K, capacity 77950K, committed 78296K, reserved 1116160K
  class space    used 9982K, capacity 10625K, committed 10752K, reserved 1048576K
Event: 158.955 GC heap after
Heap after GC invocations=27 (full 4):
 PSYoungGen      total 201728K, used 13969K [0x00000000d5580000, 0x00000000e3580000, 0x0000000100000000)
  eden space 174080K, 0% used [0x00000000d5580000,0x00000000d5580000,0x00000000dff80000)
  from space 27648K, 50% used [0x00000000dff80000,0x00000000e0d24440,0x00000000e1a80000)
  to   space 27648K, 0% used [0x00000000e1a80000,0x00000000e1a80000,0x00000000e3580000)
 ParOldGen       total 125952K, used 55543K [0x0000000080000000, 0x0000000087b00000, 0x00000000d5580000)
  object space 125952K, 44% used [0x0000000080000000,0x000000008363dc68,0x0000000087b00000)
 Metaspace       used 74585K, capacity 77950K, committed 78296K, reserved 1116160K
  class space    used 9982K, capacity 10625K, committed 10752K, reserved 1048576K
}

